Arguments: 
  C:\Program Files\nodejs\node.exe C:\Program Files\nodejs\node_modules\yarn\bin\yarn.js

PATH: 
  D:\Git\cmd;C:\Program Files (x86)\NetSarang\Xftp 6\;C:\Program Files (x86)\NetSarang\Xshell 6\;C:\WINDOWS\system32;C:\WINDOWS;C:\WINDOWS\System32\Wbem;C:\WINDOWS\System32\WindowsPowerShell\v1.0\;C:\WINDOWS\System32\OpenSSH\;D:\Git\cmd;C:\Users\admin\AppData\Roaming\nvm;C:\Program Files\nodejs;C:\Users\admin\AppData\Roaming\nvm\v10.16.3\node_modules;C:\Users\admin\AppData\Local\Microsoft\WindowsApps;C:\Users\admin\AppData\Roaming\nvm;C:\Program Files\nodejs;D:\Microsoft VS Code\bin;

Yarn version: 
  1.22.4

Node version: 
  14.7.0

Platform: 
  win32 x64

Trace: 
  Error: ENOENT: no such file or directory, copyfile 'C:\Users\admin\AppData\Local\Yarn\Cache\v6\npm-safe-buffer-5.2.1-1eaf9fa9bdb1fdd4ec75f58f9cdb4e6b7827eec6-integrity\node_modules\safe-buffer\index.js' -> 'D:\TS&react\ts-test\node_modules\htmlparser2\node_modules\safe-buffer\index.js'

npm manifest: 
  {
    "name": "ts-test",
    "version": "1.0.0",
    "description": "",
    "main": "index.js",
    "directories": {
      "doc": "doc"
    },
    "scripts": {
      "test": "echo \"Error: no test specified\" && exit 1",
      "build": "webpack"
    },
    "repository": {
      "type": "git",
      "url": "git+https://github.com/zhangbaishun1996/ts-test.git"
    },
    "author": "",
    "license": "ISC",
    "bugs": {
      "url": "https://github.com/zhangbaishun1996/ts-test/issues"
    },
    "homepage": "https://github.com/zhangbaishun1996/ts-test#readme",
    "devDependencies": {
      "html-webpack-plugin": "^5.3.1",
      "ts-loader": "^8.0.17",
      "typescript": "^4.2.3",
      "webpack": "^5.24.4",
      "webpack-cli": "^4.5.0"
    }
  }

yarn manifest: 
  No manifest

Lockfile: 
  No lockfile
